{"meta": {"format": 3, "version": "7.13.5", "timestamp": "2026-04-09T17:49:57.775691", "branch_coverage": false, "show_contexts": false}, "files": {"src/promptfoo_evaluation/__init__.py": {"executed_lines": [20, 23, 30], "summary": {"covered_lines": 3, "num_statements": 3, "percent_covered": 100.0, "percent_covered_display": "100", "missing_lines": 0, "excluded_lines": 0, "percent_statements_covered": 100.0, "percent_statements_covered_display": "100"}, "missing_lines": [], "excluded_lines": [], "functions": {"": {"executed_lines": [20, 23, 30], "summary": {"covered_lines": 3, "num_statements": 3, "percent_covered": 100.0, "percent_covered_display": "100", "missing_lines": 0, "excluded_lines": 0, "percent_statements_covered": 100.0, "percent_statements_covered_display": "100"}, "missing_lines": [], "excluded_lines": [], "start_line": 1}}, "classes": {"": {"executed_lines": [20, 23, 30], "summary": {"covered_lines": 3, "num_statements": 3, "percent_covered": 100.0, "percent_covered_display": "100", "missing_lines": 0, "excluded_lines": 0, "percent_statements_covered": 100.0, "percent_statements_covered_display": "100"}, "missing_lines": [], "excluded_lines": [], "start_line": 1}}}, "src/promptfoo_evaluation/shared/__init__.py": {"executed_lines": [11, 22, 29], "summary": {"covered_lines": 3, "num_statements": 3, "percent_covered": 100.0, "percent_covered_display": "100", "missing_lines": 0, "excluded_lines": 0, "percent_statements_covered": 100.0, "percent_statements_covered_display": "100"}, "missing_lines": [], "excluded_lines": [], "functions": {"": {"executed_lines": [11, 22, 29], "summary": {"covered_lines": 3, "num_statements": 3, "percent_covered": 100.0, "percent_covered_display": "100", "missing_lines": 0, "excluded_lines": 0, "percent_statements_covered": 100.0, "percent_statements_covered_display": "100"}, "missing_lines": [], "excluded_lines": [], "start_line": 1}}, "classes": {"": {"executed_lines": [11, 22, 29], "summary": {"covered_lines": 3, "num_statements": 3, "percent_covered": 100.0, "percent_covered_display": "100", "missing_lines": 0, "excluded_lines": 0, "percent_statements_covered": 100.0, "percent_statements_covered_display": "100"}, "missing_lines": [], "excluded_lines": [], "start_line": 1}}}, "src/promptfoo_evaluation/shared/assertions/__init__.py": {"executed_lines": [8, 19], "summary": {"covered_lines": 2, "num_statements": 2, "percent_covered": 100.0, "percent_covered_display": "100", "missing_lines": 0, "excluded_lines": 0, "percent_statements_covered": 100.0, "percent_statements_covered_display": "100"}, "missing_lines": [], "excluded_lines": [], "functions": {"": {"executed_lines": [8, 19], "summary": {"covered_lines": 2, "num_statements": 2, "percent_covered": 100.0, "percent_covered_display": "100", "missing_lines": 0, "excluded_lines": 0, "percent_statements_covered": 100.0, "percent_statements_covered_display": "100"}, "missing_lines": [], "excluded_lines": [], "start_line": 1}}, "classes": {"": {"executed_lines": [8, 19], "summary": {"covered_lines": 2, "num_statements": 2, "percent_covered": 100.0, "percent_covered_display": "100", "missing_lines": 0, "excluded_lines": 0, "percent_statements_covered": 100.0, "percent_statements_covered_display": "100"}, "missing_lines": [], "excluded_lines": [], "start_line": 1}}}, "src/promptfoo_evaluation/shared/assertions/python_asserts.py": {"executed_lines": [8, 9, 10, 12, 15, 16, 27, 39, 40, 42, 43, 45, 46, 53, 54, 66, 67, 69, 76, 79, 80, 92, 101, 102, 103, 104, 106, 109, 110, 113, 114, 126, 128, 131, 132, 137, 138, 150, 152, 156, 159, 176, 178, 179, 181, 184, 186, 187, 203, 204, 216, 218, 223, 224, 228, 244, 245, 248, 251, 253, 254, 268, 278, 279, 290], "summary": {"covered_lines": 65, "num_statements": 74, "percent_covered": 87.83783783783784, "percent_covered_display": "88", "missing_lines": 9, "excluded_lines": 0, "percent_statements_covered": 87.83783783783784, "percent_statements_covered_display": "88"}, "missing_lines": [70, 107, 129, 134, 153, 182, 193, 219, 260], "excluded_lines": [], "functions": {"contains_tax_keywords": {"executed_lines": [27, 39, 40, 42, 43, 45, 46], "summary": {"covered_lines": 7, "num_statements": 7, "percent_covered": 100.0, "percent_covered_display": "100", "missing_lines": 0, "excluded_lines": 0, "percent_statements_covered": 100.0, "percent_statements_covered_display": "100"}, "missing_lines": [], "excluded_lines": [], "start_line": 16}, "contains_australian_currency": {"executed_lines": [66, 67, 69, 76], "summary": {"covered_lines": 4, "num_statements": 5, "percent_covered": 80.0, "percent_covered_display": "80", "missing_lines": 1, "excluded_lines": 0, "percent_statements_covered": 80.0, "percent_statements_covered_display": "80"}, "missing_lines": [70], "excluded_lines": [], "start_line": 54}, "mentions_tax_rate": {"executed_lines": [92, 101, 102, 103, 104, 106, 109, 110], "summary": {"covered_lines": 8, "num_statements": 9, "percent_covered": 88.88888888888889, "percent_covered_display": "89", "missing_lines": 1, "excluded_lines": 0, "percent_statements_covered": 88.88888888888889, "percent_statements_covered_display": "89"}, "missing_lines": [107], "excluded_lines": [], "start_line": 80}, "validate_tax_reference": {"executed_lines": [126, 128, 131, 132], "summary": {"covered_lines": 4, "num_statements": 6, "percent_covered": 66.66666666666667, "percent_covered_display": "67", "missing_lines": 2, "excluded_lines": 0, "percent_statements_covered": 66.66666666666667, "percent_statements_covered_display": "67"}, "missing_lines": [129, 134], "excluded_lines": [], "start_line": 114}, "check_answer_relevance": {"executed_lines": [150, 152, 156, 159, 176, 178, 179, 181, 184, 186, 187], "summary": {"covered_lines": 11, "num_statements": 14, "percent_covered": 78.57142857142857, "percent_covered_display": "79", "missing_lines": 3, "excluded_lines": 0, "percent_statements_covered": 78.57142857142857, "percent_statements_covered_display": "79"}, "missing_lines": [153, 182, 193], "excluded_lines": [], "start_line": 138}, "validate_context_faithfulness": {"executed_lines": [216, 218, 223, 224, 228, 244, 245, 248, 251, 253, 254], "summary": {"covered_lines": 11, "num_statements": 13, "percent_covered": 84.61538461538461, "percent_covered_display": "85", "missing_lines": 2, "excluded_lines": 0, "percent_statements_covered": 84.61538461538461, "percent_statements_covered_display": "85"}, "missing_lines": [219, 260], "excluded_lines": [], "start_line": 204}, "get_assertion": {"executed_lines": [290], "summary": {"covered_lines": 1, "num_statements": 1, "percent_covered": 100.0, "percent_covered_display": "100", "missing_lines": 0, "excluded_lines": 0, "percent_statements_covered": 100.0, "percent_statements_covered_display": "100"}, "missing_lines": [], "excluded_lines": [], "start_line": 279}, "": {"executed_lines": [8, 9, 10, 12, 15, 16, 53, 54, 79, 80, 113, 114, 137, 138, 203, 204, 268, 278, 279], "summary": {"covered_lines": 19, "num_statements": 19, "percent_covered": 100.0, "percent_covered_display": "100", "missing_lines": 0, "excluded_lines": 0, "percent_statements_covered": 100.0, "percent_statements_covered_display": "100"}, "missing_lines": [], "excluded_lines": [], "start_line": 1}}, "classes": {"": {"executed_lines": [8, 9, 10, 12, 15, 16, 27, 39, 40, 42, 43, 45, 46, 53, 54, 66, 67, 69, 76, 79, 80, 92, 101, 102, 103, 104, 106, 109, 110, 113, 114, 126, 128, 131, 132, 137, 138, 150, 152, 156, 159, 176, 178, 179, 181, 184, 186, 187, 203, 204, 216, 218, 223, 224, 228, 244, 245, 248, 251, 253, 254, 268, 278, 279, 290], "summary": {"covered_lines": 65, "num_statements": 74, "percent_covered": 87.83783783783784, "percent_covered_display": "88", "missing_lines": 9, "excluded_lines": 0, "percent_statements_covered": 87.83783783783784, "percent_statements_covered_display": "88"}, "missing_lines": [70, 107, 129, 134, 153, 182, 193, 219, 260], "excluded_lines": [], "start_line": 1}}}, "src/promptfoo_evaluation/shared/config.py": {"executed_lines": [9, 10, 13, 14, 15, 16, 18, 19, 21, 23, 26, 29, 30, 33, 34, 41, 42, 43, 55, 56, 57, 58, 61, 72, 74, 75, 76, 77, 78, 79, 80, 81, 83, 86, 87, 107, 110, 111, 113, 116, 117, 139, 140, 160, 164, 167, 168, 180, 182, 183, 186, 188, 189, 192, 193, 194, 195, 196, 197, 198, 199, 204, 205, 228, 229], "summary": {"covered_lines": 65, "num_statements": 77, "percent_covered": 84.41558441558442, "percent_covered_display": "84", "missing_lines": 12, "excluded_lines": 0, "percent_statements_covered": 84.41558441558442, "percent_statements_covered_display": "84"}, "missing_lines": [108, 130, 131, 133, 134, 136, 162, 216, 217, 218, 220, 237], "excluded_lines": [], "functions": {"get_zhipu_api_key": {"executed_lines": [72, 74, 75, 76, 77, 78, 79, 80, 81, 83], "summary": {"covered_lines": 10, "num_statements": 10, "percent_covered": 100.0, "percent_covered_display": "100", "missing_lines": 0, "excluded_lines": 0, "percent_statements_covered": 100.0, "percent_statements_covered_display": "100"}, "missing_lines": [], "excluded_lines": [], "start_line": 61}, "get_promptfoo_output_dir": {"executed_lines": [107, 110, 111, 113], "summary": {"covered_lines": 4, "num_statements": 5, "percent_covered": 80.0, "percent_covered_display": "80", "missing_lines": 1, "excluded_lines": 0, "percent_statements_covered": 80.0, "percent_statements_covered_display": "80"}, "missing_lines": [108], "excluded_lines": [], "start_line": 87}, "get_promptfoo_share_dir": {"executed_lines": [], "summary": {"covered_lines": 0, "num_statements": 5, "percent_covered": 0.0, "percent_covered_display": "0", "missing_lines": 5, "excluded_lines": 0, "percent_statements_covered": 0.0, "percent_statements_covered_display": "0"}, "missing_lines": [130, 131, 133, 134, 136], "excluded_lines": [], "start_line": 117}, "get_promptfoo_config_path": {"executed_lines": [160, 164], "summary": {"covered_lines": 2, "num_statements": 3, "percent_covered": 66.66666666666667, "percent_covered_display": "67", "missing_lines": 1, "excluded_lines": 0, "percent_statements_covered": 66.66666666666667, "percent_statements_covered_display": "67"}, "missing_lines": [162], "excluded_lines": [], "start_line": 140}, "validate_promptfoo_installation": {"executed_lines": [180, 182, 183, 186, 188, 189, 192, 193, 194, 195, 196, 197, 198, 199], "summary": {"covered_lines": 14, "num_statements": 14, "percent_covered": 100.0, "percent_covered_display": "100", "missing_lines": 0, "excluded_lines": 0, "percent_statements_covered": 100.0, "percent_statements_covered_display": "100"}, "missing_lines": [], "excluded_lines": [], "start_line": 168}, "get_config": {"executed_lines": [], "summary": {"covered_lines": 0, "num_statements": 4, "percent_covered": 0.0, "percent_covered_display": "0", "missing_lines": 4, "excluded_lines": 0, "percent_statements_covered": 0.0, "percent_statements_covered_display": "0"}, "missing_lines": [216, 217, 218, 220], "excluded_lines": [], "start_line": 205}, "get_rag_data_path": {"executed_lines": [], "summary": {"covered_lines": 0, "num_statements": 1, "percent_covered": 0.0, "percent_covered_display": "0", "missing_lines": 1, "excluded_lines": 0, "percent_statements_covered": 0.0, "percent_statements_covered_display": "0"}, "missing_lines": [237], "excluded_lines": [], "start_line": 229}, "": {"executed_lines": [9, 10, 13, 14, 15, 16, 18, 19, 21, 23, 26, 29, 30, 33, 34, 41, 42, 43, 55, 56, 57, 58, 61, 86, 87, 116, 117, 139, 140, 167, 168, 204, 205, 228, 229], "summary": {"covered_lines": 35, "num_statements": 35, "percent_covered": 100.0, "percent_covered_display": "100", "missing_lines": 0, "excluded_lines": 0, "percent_statements_covered": 100.0, "percent_statements_covered_display": "100"}, "missing_lines": [], "excluded_lines": [], "start_line": 1}}, "classes": {"PromptfooConfig": {"executed_lines": [], "summary": {"covered_lines": 0, "num_statements": 0, "percent_covered": 100.0, "percent_covered_display": "100", "missing_lines": 0, "excluded_lines": 0, "percent_statements_covered": 100.0, "percent_statements_covered_display": "100"}, "missing_lines": [], "excluded_lines": [], "start_line": 43}, "": {"executed_lines": [9, 10, 13, 14, 15, 16, 18, 19, 21, 23, 26, 29, 30, 33, 34, 41, 42, 43, 55, 56, 57, 58, 61, 72, 74, 75, 76, 77, 78, 79, 80, 81, 83, 86, 87, 107, 110, 111, 113, 116, 117, 139, 140, 160, 164, 167, 168, 180, 182, 183, 186, 188, 189, 192, 193, 194, 195, 196, 197, 198, 199, 204, 205, 228, 229], "summary": {"covered_lines": 65, "num_statements": 77, "percent_covered": 84.41558441558442, "percent_covered_display": "84", "missing_lines": 12, "excluded_lines": 0, "percent_statements_covered": 84.41558441558442, "percent_statements_covered_display": "84"}, "missing_lines": [108, 130, 131, 133, 134, 136, 162, 216, 217, 218, 220, 237], "excluded_lines": [], "start_line": 1}}}, "src/promptfoo_evaluation/shared/mlflow_handler.py": {"executed_lines": [8, 9, 10, 12, 13, 14, 17, 20, 23, 24, 40, 42, 50, 52, 60, 61, 63, 64, 65, 66, 67, 69, 72, 74, 82, 84, 85, 86, 87, 89, 92, 94, 102, 103, 105, 113, 114, 116, 124, 126, 127, 128, 129, 131, 132, 138, 144, 153, 161, 162, 164, 167, 168, 186, 188, 196, 198, 210, 211, 214, 216, 218, 220, 228, 230, 231, 235, 244, 246, 256, 264, 266, 275, 277, 288, 291, 292, 307, 311, 314, 315, 344, 345, 348, 349, 352, 354, 357, 361, 365, 373, 375, 377], "summary": {"covered_lines": 93, "num_statements": 102, "percent_covered": 91.17647058823529, "percent_covered_display": "91", "missing_lines": 9, "excluded_lines": 0, "percent_statements_covered": 91.17647058823529, "percent_statements_covered_display": "91"}, "missing_lines": [70, 90, 212, 233, 254, 308, 309, 358, 362], "excluded_lines": [], "functions": {"PromptfooResultParser.__init__": {"executed_lines": [50], "summary": {"covered_lines": 1, "num_statements": 1, "percent_covered": 100.0, "percent_covered_display": "100", "missing_lines": 0, "excluded_lines": 0, "percent_statements_covered": 100.0, "percent_statements_covered_display": "100"}, "missing_lines": [], "excluded_lines": [], "start_line": 42}, "PromptfooResultParser.get_pass_rate": {"executed_lines": [60, 61, 63, 64, 65, 66, 67, 69, 72], "summary": {"covered_lines": 9, "num_statements": 10, "percent_covered": 90.0, "percent_covered_display": "90", "missing_lines": 1, "excluded_lines": 0, "percent_statements_covered": 90.0, "percent_statements_covered_display": "90"}, "missing_lines": [70], "excluded_lines": [], "start_line": 52}, "PromptfooResultParser.get_average_score": {"executed_lines": [82, 84, 85, 86, 87, 89, 92], "summary": {"covered_lines": 7, "num_statements": 8, "percent_covered": 87.5, "percent_covered_display": "88", "missing_lines": 1, "excluded_lines": 0, "percent_statements_covered": 87.5, "percent_statements_covered_display": "88"}, "missing_lines": [90], "excluded_lines": [], "start_line": 74}, "PromptfooResultParser.get_total_tokens": {"executed_lines": [102, 103], "summary": {"covered_lines": 2, "num_statements": 2, "percent_covered": 100.0, "percent_covered_display": "100", "missing_lines": 0, "excluded_lines": 0, "percent_statements_covered": 100.0, "percent_statements_covered_display": "100"}, "missing_lines": [], "excluded_lines": [], "start_line": 94}, "PromptfooResultParser.get_total_cost": {"executed_lines": [113, 114], "summary": {"covered_lines": 2, "num_statements": 2, "percent_covered": 100.0, "percent_covered_display": "100", "missing_lines": 0, "excluded_lines": 0, "percent_statements_covered": 100.0, "percent_statements_covered_display": "100"}, "missing_lines": [], "excluded_lines": [], "start_line": 105}, "PromptfooResultParser.get_latency_stats": {"executed_lines": [124, 126, 127, 128, 129, 131, 132, 138], "summary": {"covered_lines": 8, "num_statements": 8, "percent_covered": 100.0, "percent_covered_display": "100", "missing_lines": 0, "excluded_lines": 0, "percent_statements_covered": 100.0, "percent_statements_covered_display": "100"}, "missing_lines": [], "excluded_lines": [], "start_line": 116}, "PromptfooResultParser.get_metrics": {"executed_lines": [153, 161, 162, 164], "summary": {"covered_lines": 4, "num_statements": 4, "percent_covered": 100.0, "percent_covered_display": "100", "missing_lines": 0, "excluded_lines": 0, "percent_statements_covered": 100.0, "percent_statements_covered_display": "100"}, "missing_lines": [], "excluded_lines": [], "start_line": 144}, "MLflowExperimentManager.__init__": {"executed_lines": [196], "summary": {"covered_lines": 1, "num_statements": 1, "percent_covered": 100.0, "percent_covered_display": "100", "missing_lines": 0, "excluded_lines": 0, "percent_statements_covered": 100.0, "percent_statements_covered_display": "100"}, "missing_lines": [], "excluded_lines": [], "start_line": 188}, "MLflowExperimentManager.create_experiment": {"executed_lines": [210, 211, 214, 216, 218], "summary": {"covered_lines": 5, "num_statements": 6, "percent_covered": 83.33333333333333, "percent_covered_display": "83", "missing_lines": 1, "excluded_lines": 0, "percent_statements_covered": 83.33333333333333, "percent_statements_covered_display": "83"}, "missing_lines": [212], "excluded_lines": [], "start_line": 198}, "MLflowExperimentManager.get_or_create_experiment": {"executed_lines": [228, 230, 231], "summary": {"covered_lines": 3, "num_statements": 4, "percent_covered": 75.0, "percent_covered_display": "75", "missing_lines": 1, "excluded_lines": 0, "percent_statements_covered": 75.0, "percent_statements_covered_display": "75"}, "missing_lines": [233], "excluded_lines": [], "start_line": 220}, "MLflowExperimentManager.log_metrics": {"executed_lines": [244], "summary": {"covered_lines": 1, "num_statements": 1, "percent_covered": 100.0, "percent_covered_display": "100", "missing_lines": 0, "excluded_lines": 0, "percent_statements_covered": 100.0, "percent_statements_covered_display": "100"}, "missing_lines": [], "excluded_lines": [], "start_line": 235}, "MLflowExperimentManager.log_params": {"executed_lines": [], "summary": {"covered_lines": 0, "num_statements": 1, "percent_covered": 0.0, "percent_covered_display": "0", "missing_lines": 1, "excluded_lines": 0, "percent_statements_covered": 0.0, "percent_statements_covered_display": "0"}, "missing_lines": [254], "excluded_lines": [], "start_line": 246}, "MLflowExperimentManager.log_artifact": {"executed_lines": [264], "summary": {"covered_lines": 1, "num_statements": 1, "percent_covered": 100.0, "percent_covered_display": "100", "missing_lines": 0, "excluded_lines": 0, "percent_statements_covered": 100.0, "percent_statements_covered_display": "100"}, "missing_lines": [], "excluded_lines": [], "start_line": 256}, "MLflowExperimentManager.log_text": {"executed_lines": [275], "summary": {"covered_lines": 1, "num_statements": 1, "percent_covered": 100.0, "percent_covered_display": "100", "missing_lines": 0, "excluded_lines": 0, "percent_statements_covered": 100.0, "percent_statements_covered_display": "100"}, "missing_lines": [], "excluded_lines": [], "start_line": 266}, "MLflowExperimentManager.run_experiment": {"executed_lines": [288], "summary": {"covered_lines": 1, "num_statements": 1, "percent_covered": 100.0, "percent_covered_display": "100", "missing_lines": 0, "excluded_lines": 0, "percent_statements_covered": 100.0, "percent_statements_covered_display": "100"}, "missing_lines": [], "excluded_lines": [], "start_line": 277}, "parse_promptfoo_results": {"executed_lines": [307, 311], "summary": {"covered_lines": 2, "num_statements": 4, "percent_covered": 50.0, "percent_covered_display": "50", "missing_lines": 2, "excluded_lines": 0, "percent_statements_covered": 50.0, "percent_statements_covered_display": "50"}, "missing_lines": [308, 309], "excluded_lines": [], "start_line": 292}, "log_promptfoo_run_to_mlflow": {"executed_lines": [344, 345, 348, 349, 352, 354, 357, 361, 365, 373, 375, 377], "summary": {"covered_lines": 12, "num_statements": 14, "percent_covered": 85.71428571428571, "percent_covered_display": "86", "missing_lines": 2, "excluded_lines": 0, "percent_statements_covered": 85.71428571428571, "percent_statements_covered_display": "86"}, "missing_lines": [358, 362], "excluded_lines": [], "start_line": 315}, "": {"executed_lines": [8, 9, 10, 12, 13, 14, 17, 20, 23, 24, 40, 42, 52, 74, 94, 105, 116, 144, 167, 168, 186, 188, 198, 220, 235, 246, 256, 266, 277, 291, 292, 314, 315], "summary": {"covered_lines": 33, "num_statements": 33, "percent_covered": 100.0, "percent_covered_display": "100", "missing_lines": 0, "excluded_lines": 0, "percent_statements_covered": 100.0, "percent_statements_covered_display": "100"}, "missing_lines": [], "excluded_lines": [], "start_line": 1}}, "classes": {"PromptfooResultParser": {"executed_lines": [50, 60, 61, 63, 64, 65, 66, 67, 69, 72, 82, 84, 85, 86, 87, 89, 92, 102, 103, 113, 114, 124, 126, 127, 128, 129, 131, 132, 138, 153, 161, 162, 164], "summary": {"covered_lines": 33, "num_statements": 35, "percent_covered": 94.28571428571429, "percent_covered_display": "94", "missing_lines": 2, "excluded_lines": 0, "percent_statements_covered": 94.28571428571429, "percent_statements_covered_display": "94"}, "missing_lines": [70, 90], "excluded_lines": [], "start_line": 24}, "MLflowExperimentManager": {"executed_lines": [196, 210, 211, 214, 216, 218, 228, 230, 231, 244, 264, 275, 288], "summary": {"covered_lines": 13, "num_statements": 16, "percent_covered": 81.25, "percent_covered_display": "81", "missing_lines": 3, "excluded_lines": 0, "percent_statements_covered": 81.25, "percent_statements_covered_display": "81"}, "missing_lines": [212, 233, 254], "excluded_lines": [], "start_line": 168}, "": {"executed_lines": [8, 9, 10, 12, 13, 14, 17, 20, 23, 24, 40, 42, 52, 74, 94, 105, 116, 144, 167, 168, 186, 188, 198, 220, 235, 246, 256, 266, 277, 291, 292, 307, 311, 314, 315, 344, 345, 348, 349, 352, 354, 357, 361, 365, 373, 375, 377], "summary": {"covered_lines": 47, "num_statements": 51, "percent_covered": 92.15686274509804, "percent_covered_display": "92", "missing_lines": 4, "excluded_lines": 0, "percent_statements_covered": 92.15686274509804, "percent_statements_covered_display": "92"}, "missing_lines": [308, 309, 358, 362], "excluded_lines": [], "start_line": 1}}}, "src/promptfoo_evaluation/shared/providers/__init__.py": {"executed_lines": [8, 15], "summary": {"covered_lines": 2, "num_statements": 2, "percent_covered": 100.0, "percent_covered_display": "100", "missing_lines": 0, "excluded_lines": 0, "percent_statements_covered": 100.0, "percent_statements_covered_display": "100"}, "missing_lines": [], "excluded_lines": [], "functions": {"": {"executed_lines": [8, 15], "summary": {"covered_lines": 2, "num_statements": 2, "percent_covered": 100.0, "percent_covered_display": "100", "missing_lines": 0, "excluded_lines": 0, "percent_statements_covered": 100.0, "percent_statements_covered_display": "100"}, "missing_lines": [], "excluded_lines": [], "start_line": 1}}, "classes": {"": {"executed_lines": [8, 15], "summary": {"covered_lines": 2, "num_statements": 2, "percent_covered": 100.0, "percent_covered_display": "100", "missing_lines": 0, "excluded_lines": 0, "percent_statements_covered": 100.0, "percent_statements_covered_display": "100"}, "missing_lines": [], "excluded_lines": [], "start_line": 1}}}, "src/promptfoo_evaluation/shared/providers/rag_provider.py": {"executed_lines": [9, 10, 11, 13, 16, 20, 21, 25, 26, 29, 33, 37, 43, 46, 47, 66, 68, 81, 82, 84, 95, 96, 98, 99, 101, 112, 115, 116, 118, 119, 120, 126, 128, 148, 149, 171, 172, 175, 178, 179, 180, 181, 184, 185, 188, 189, 195, 202, 203, 206, 207, 235, 236, 238, 240, 241, 242, 250, 251, 258, 267, 268], "summary": {"covered_lines": 62, "num_statements": 89, "percent_covered": 69.66292134831461, "percent_covered_display": "70", "missing_lines": 27, "excluded_lines": 0, "percent_statements_covered": 69.66292134831461, "percent_statements_covered_display": "70"}, "missing_lines": [31, 35, 39, 113, 121, 122, 124, 144, 145, 190, 191, 192, 196, 197, 198, 199, 200, 243, 244, 245, 247, 248, 287, 288, 289, 291, 296], "excluded_lines": [], "functions": {"VectorStoreProtocol.search": {"executed_lines": [], "summary": {"covered_lines": 0, "num_statements": 1, "percent_covered": 0.0, "percent_covered_display": "0", "missing_lines": 1, "excluded_lines": 0, "percent_statements_covered": 0.0, "percent_statements_covered_display": "0"}, "missing_lines": [31], "excluded_lines": [], "start_line": 29}, "VectorStoreProtocol.similarity_search": {"executed_lines": [], "summary": {"covered_lines": 0, "num_statements": 1, "percent_covered": 0.0, "percent_covered_display": "0", "missing_lines": 1, "excluded_lines": 0, "percent_statements_covered": 0.0, "percent_statements_covered_display": "0"}, "missing_lines": [35], "excluded_lines": [], "start_line": 33}, "VectorStoreProtocol.as_retriever": {"executed_lines": [], "summary": {"covered_lines": 0, "num_statements": 1, "percent_covered": 0.0, "percent_covered_display": "0", "missing_lines": 1, "excluded_lines": 0, "percent_statements_covered": 0.0, "percent_statements_covered_display": "0"}, "missing_lines": [39], "excluded_lines": [], "start_line": 37}, "RAGProvider.__init__": {"executed_lines": [81, 82], "summary": {"covered_lines": 2, "num_statements": 2, "percent_covered": 100.0, "percent_covered_display": "100", "missing_lines": 0, "excluded_lines": 0, "percent_statements_covered": 100.0, "percent_statements_covered_display": "100"}, "missing_lines": [], "excluded_lines": [], "start_line": 68}, "RAGProvider.retrieve": {"executed_lines": [95, 96, 98, 99], "summary": {"covered_lines": 4, "num_statements": 4, "percent_covered": 100.0, "percent_covered_display": "100", "missing_lines": 0, "excluded_lines": 0, "percent_statements_covered": 100.0, "percent_statements_covered_display": "100"}, "missing_lines": [], "excluded_lines": [], "start_line": 84}, "RAGProvider.format_context": {"executed_lines": [112, 115, 116, 118, 119, 120, 126], "summary": {"covered_lines": 7, "num_statements": 11, "percent_covered": 63.63636363636363, "percent_covered_display": "64", "missing_lines": 4, "excluded_lines": 0, "percent_statements_covered": 63.63636363636363, "percent_statements_covered_display": "64"}, "missing_lines": [113, 121, 122, 124], "excluded_lines": [], "start_line": 101}, "RAGProvider.get_retrieval_chain": {"executed_lines": [], "summary": {"covered_lines": 0, "num_statements": 2, "percent_covered": 0.0, "percent_covered_display": "0", "missing_lines": 2, "excluded_lines": 0, "percent_statements_covered": 0.0, "percent_statements_covered_display": "0"}, "missing_lines": [144, 145], "excluded_lines": [], "start_line": 128}, "get_assertion_output": {"executed_lines": [171, 172, 175, 178, 179, 180, 181, 184, 185, 188, 189, 195, 202, 203], "summary": {"covered_lines": 14, "num_statements": 22, "percent_covered": 63.63636363636363, "percent_covered_display": "64", "missing_lines": 8, "excluded_lines": 0, "percent_statements_covered": 63.63636363636363, "percent_statements_covered_display": "64"}, "missing_lines": [190, 191, 192, 196, 197, 198, 199, 200], "excluded_lines": [], "start_line": 149}, "create_rag_assertion_context": {"executed_lines": [235, 236, 238, 240, 241, 242, 250, 251, 258], "summary": {"covered_lines": 9, "num_statements": 14, "percent_covered": 64.28571428571429, "percent_covered_display": "64", "missing_lines": 5, "excluded_lines": 0, "percent_statements_covered": 64.28571428571429, "percent_statements_covered_display": "64"}, "missing_lines": [243, 244, 245, 247, 248], "excluded_lines": [], "start_line": 207}, "create_rag_provider_from_config": {"executed_lines": [], "summary": {"covered_lines": 0, "num_statements": 5, "percent_covered": 0.0, "percent_covered_display": "0", "missing_lines": 5, "excluded_lines": 0, "percent_statements_covered": 0.0, "percent_statements_covered_display": "0"}, "missing_lines": [287, 288, 289, 291, 296], "excluded_lines": [], "start_line": 268}, "": {"executed_lines": [9, 10, 11, 13, 16, 20, 21, 25, 26, 29, 33, 37, 43, 46, 47, 66, 68, 84, 101, 128, 148, 149, 206, 207, 267, 268], "summary": {"covered_lines": 26, "num_statements": 26, "percent_covered": 100.0, "percent_covered_display": "100", "missing_lines": 0, "excluded_lines": 0, "percent_statements_covered": 100.0, "percent_statements_covered_display": "100"}, "missing_lines": [], "excluded_lines": [], "start_line": 1}}, "classes": {"VectorStoreProtocol": {"executed_lines": [], "summary": {"covered_lines": 0, "num_statements": 3, "percent_covered": 0.0, "percent_covered_display": "0", "missing_lines": 3, "excluded_lines": 0, "percent_statements_covered": 0.0, "percent_statements_covered_display": "0"}, "missing_lines": [31, 35, 39], "excluded_lines": [], "start_line": 26}, "RAGProvider": {"executed_lines": [81, 82, 95, 96, 98, 99, 112, 115, 116, 118, 119, 120, 126], "summary": {"covered_lines": 13, "num_statements": 19, "percent_covered": 68.42105263157895, "percent_covered_display": "68", "missing_lines": 6, "excluded_lines": 0, "percent_statements_covered": 68.42105263157895, "percent_statements_covered_display": "68"}, "missing_lines": [113, 121, 122, 124, 144, 145], "excluded_lines": [], "start_line": 47}, "": {"executed_lines": [9, 10, 11, 13, 16, 20, 21, 25, 26, 29, 33, 37, 43, 46, 47, 66, 68, 84, 101, 128, 148, 149, 171, 172, 175, 178, 179, 180, 181, 184, 185, 188, 189, 195, 202, 203, 206, 207, 235, 236, 238, 240, 241, 242, 250, 251, 258, 267, 268], "summary": {"covered_lines": 49, "num_statements": 67, "percent_covered": 73.13432835820896, "percent_covered_display": "73", "missing_lines": 18, "excluded_lines": 0, "percent_statements_covered": 73.13432835820896, "percent_statements_covered_display": "73"}, "missing_lines": [190, 191, 192, 196, 197, 198, 199, 200, 243, 244, 245, 247, 248, 287, 288, 289, 291, 296], "excluded_lines": [], "start_line": 1}}}}, "totals": {"covered_lines": 295, "num_statements": 352, "percent_covered": 83.80681818181819, "percent_covered_display": "84", "missing_lines": 57, "excluded_lines": 0, "percent_statements_covered": 83.80681818181819, "percent_statements_covered_display": "84"}}